1618294486088	geckodriver	INFO	Listening on 127.0.0.1:50910
1618294489145	mozrunner::runner	INFO	Running command: "D:\\Program Files\\Mozilla Firefox\\firefox.exe" "--marionette" "-foreground" "-no-remote" "-profile" "C:\\Users\\LELE\\AppData\\Local\\Temp\\rust_mozprofileCdwxRL"
console.warn: SearchSettings: "get: No settings file exists, new profile?" (new Error("", "(unknown module)"))
1618294492058	Marionette	INFO	Listening on port 50923
1618294492319	Marionette	WARN	TLS certificate errors will be ignored for this session
console.error: services.settings: 
  main/fxmonitor-breaches Signature failed  Error: Shutdown, aborting read-only worker requests.
1618294494053	Marionette	INFO	Stopped listening on port 50923

###!!! [Child][RunMessage] Error: Channel closing: too late to send/recv, messages will be lost

1618294507136	geckodriver	INFO	Listening on 127.0.0.1:50968
1618294510149	mozrunner::runner	INFO	Running command: "D:\\Program Files\\Mozilla Firefox\\firefox.exe" "--marionette" "-foreground" "-no-remote" "-profile" "C:\\Users\\LELE\\AppData\\Local\\Temp\\rust_mozprofile4PdrOn"
console.warn: SearchSettings: "get: No settings file exists, new profile?" (new Error("", "(unknown module)"))
1618294512359	Marionette	INFO	Listening on port 50977
1618294512821	Marionette	WARN	TLS certificate errors will be ignored for this session
JavaScript error: , line 0: uncaught exception: error
JavaScript error: https://ra.gtimg.com/sc/vqq/crystal-min.js, line 497: TypeError: config.fodder is undefined
JavaScript error: , line 0: uncaught exception: error
JavaScript error: , line 0: uncaught exception: error
JavaScript error: , line 0: uncaught exception: error
JavaScript error: , line 0: uncaught exception: error
1618294632871	Marionette	INFO	Stopped listening on port 50977

###!!! [Child][RunMessage] Error: Channel closing: too late to send/recv, messages will be lost

"--marionette" "-foreground" "-no-remote" "-profile" "C:\\Users\\LELE\\AppData\\Local\\Temp\\rust_mozprofileTPLp0z"
console.warn: SearchSettings: "get: No settings file exists, new profile?" (new Error("", "(unknown module)"))
1618294609070	Marionette	INFO	Listening on port 51278
1618294609194	Marionette	WARN	TLS certificate errors will be ignored for this session
JavaScript error: , line 0: uncaught exception: error
JavaScript error: https://ra.gtimg.com/sc/vqq/crystal-min.js, line 497: TypeError: config.fodder is undefined
JavaScript error: , line 0: uncaught exception: error
JavaScript error: , line 0: uncaught exception: error
1618294633836	Marionette	INFO	Stopped listening on port 51278

###!!! [Child][RunMessage] Error: Channel closing: too late to send/recv, messages will be lost

1618302215856	geckodriver	INFO	Listening on 127.0.0.1:60413
1618302218877	mozrunner::runner	INFO	Running command: "D:\\Program Files\\Mozilla Firefox\\firefox.exe" "--marionette" "-foreground" "-no-remote" "-profile" "C:\\Users\\LELE\\AppData\\Local\\Temp\\rust_mozprofile3Vj5J3"
console.warn: SearchSettings: "get: No settings file exists, new profile?" (new Error("", "(unknown module)"))
1618302221707	Marionette	INFO	Listening on port 60422
1618302222080	Marionette	WARN	TLS certificate errors will be ignored for this session
JavaScript error: , line 0: uncaught exception: error
JavaScript error: https://ra.gtimg.com/sc/vqq/crystal-min.js, line 497: TypeError: config.fodder is undefined
JavaScript error: , line 0: uncaught exception: error
JavaScript error: , line 0: uncaught exception: error
JavaScript error: , line 0: uncaught exception: error
JavaScript error: , line 0: uncaught exception: error
JavaScript error: , line 0: uncaught exception: error
1618302436347	Marionette	INFO	Stopped listening on port 60422

###!!! [Child][RunMessage] Error: Channel closing: too late to send/recv, messages will be lost

NaZ3"
console.warn: SearchSettings: "get: No settings file exists, new profile?" (new Error("", "(unknown module)"))
1618302272388	Marionette	INFO	Listening on port 60581
1618302272472	Marionette	WARN	TLS certificate errors will be ignored for this session
JavaScript error: , line 0: uncaught exception: error
JavaScript error: https://ra.gtimg.com/sc/vqq/crystal-min.js, line 497: TypeError: config.fodder is undefined
JavaScript error: , line 0: uncaught exception: error
JavaScript error: , line 0: uncaught exception: error
JavaScript error: , line 0: uncaught exception: error
JavaScript error: , line 0: uncaught exception: error
JavaScript error: , line 0: uncaught exception: error
1618302435169	Marionette	INFO	Stopped listening on port 60581
\LELE\\AppData\\Local\\Temp\\rust_mozprofilehDVuni"
console.warn: SearchSettings: "get: No settings file exists, new profile?" (new Error("", "(unknown module)"))
1618302301329	Marionette	INFO	Listening on port 60745
1618302301776	Marionette	WARN	TLS certificate errors will be ignored for this session
JavaScript error: , line 0: uncaught exception: error
JavaScript error: https://ra.gtimg.com/sc/vqq/crystal-min.js, line 497: TypeError: config.fodder is undefined
JavaScript error: , line 0: uncaught exception: error
JavaScript error: , line 0: uncaught exception: error
JavaScript error: , line 0: uncaught exception: error
JavaScript error: , line 0: uncaught exception: error
1618302434261	Marionette	INFO	Stopped listening on port 60745
8302409305	mozrunner::runner	INFO	Running command: "D:\\Program Files\\Mozilla Firefox\\firefox.exe" "--marionette" "-foreground" "-no-remote" "-profile" "C:\\Users\\LELE\\AppData\\Local\\Temp\\rust_mozprofilewxlpfu"
console.warn: SearchSettings: "get: No settings file exists, new profile?" (new Error("", "(unknown module)"))
1618302412194	Marionette	INFO	Listening on port 61038
1618302412511	Marionette	WARN	TLS certificate errors will be ignored for this session
JavaScript error: , line 0: uncaught exception: error
JavaScript error: https://ra.gtimg.com/sc/vqq/crystal-min.js, line 497: TypeError: config.fodder is undefined
JavaScript error: , line 0: uncaught exception: error
JavaScript error: , line 0: uncaught exception: error
1618302432503	Marionette	INFO	Stopped listening on port 61038

###!!! [Child][RunMessage] Error: Channel closing: too late to send/recv, messages will be lost

1618302534134	geckodriver	INFO	Listening on 127.0.0.1:61416
1618302537188	mozrunner::runner	INFO	Running command: "D:\\Program Files\\Mozilla Firefox\\firefox.exe" "--marionette" "-foreground" "-no-remote" "-profile" "C:\\Users\\LELE\\AppData\\Local\\Temp\\rust_mozprofileslR0Ab"
console.warn: SearchSettings: "get: No settings file exists, new profile?" (new Error("", "(unknown module)"))
1618302539634	Marionette	INFO	Listening on port 61427
1618302539887	Marionette	WARN	TLS certificate errors will be ignored for this session
JavaScript error: , line 0: uncaught exception: error
JavaScript error: https://ra.gtimg.com/sc/vqq/crystal-min.js, line 497: TypeError: config.fodder is undefined
JavaScript error: , line 0: uncaught exception: error
JavaScript error: , line 0: uncaught exception: error
JavaScript error: , line 0: uncaught exception: error
JavaScript error: , line 0: uncaught exception: error
JavaScript error: , line 0: uncaught exception: error
JavaScript error: , line 0: uncaught exception: error
console.log: WebExtensions: reset-default-search: No addons in our list are installed.
JavaScript error: , line 0: uncaught exception: error
JavaScript error: , line 0: uncaught exception: error
JavaScript error: , line 0: uncaught exception: error
1618306038819	Marionette	INFO	Stopped listening on port 61427

###!!! [Child][RunMessage] Error: Channel closing: too late to send/recv, messages will be lost

efined
JavaScript error: , line 0: uncaught exception: error
JavaScript error: , line 0: uncaught exception: error
JavaScript error: , line 0: uncaught exception: error
JavaScript error: , line 0: uncaught exception: error
JavaScript error: , line 0: uncaught exception: error
JavaScript error: , line 0: uncaught exception: error
console.log: WebExtensions: reset-default-search: No addons in our list are installed.
JavaScript error: , line 0: uncaught exception: error
JavaScript error: , line 0: uncaught exception: error
JavaScript error: , line 0: uncaught exception: error
1618306039685	Marionette	INFO	Stopped listening on port 61580

###!!! [Child][RunMessage] Error: Channel closing: too late to send/recv, messages will be lost

ssion
JavaScript error: , line 0: uncaught exception: error
JavaScript error: https://ra.gtimg.com/sc/vqq/crystal-min.js, line 497: TypeError: config.fodder is undefined
JavaScript error: , line 0: uncaught exception: error
1618302678820	Marionette	INFO	Stopped listening on port 61856

###!!! [Child][RunMessage] Error: Channel closing: too late to send/recv, messages will be lost

1618302769595	geckodriver	INFO	Listening on 127.0.0.1:62053
1618302772680	mozrunner::runner	INFO	Running command: "D:\\Program Files\\Mozilla Firefox\\firefox.exe" "--marionette" "-foreground" "-no-remote" "-profile" "C:\\Users\\LELE\\AppData\\Local\\Temp\\rust_mozprofilenLsftW"
console.warn: SearchSettings: "get: No settings file exists, new profile?" (new Error("", "(unknown module)"))
1618302775108	Marionette	INFO	Listening on port 62064
1618302775353	Marionette	WARN	TLS certificate errors will be ignored for this session
JavaScript error: , line 0: uncaught exception: error
JavaScript error: https://ra.gtimg.com/sc/vqq/crystal-min.js, line 497: TypeError: config.fodder is undefined
JavaScript error: , line 0: uncaught exception: error
JavaScript error: , line 0: uncaught exception: error
JavaScript error: , line 0: uncaught exception: error
JavaScript error: , line 0: uncaught exception: error
JavaScript error: , line 0: uncaught exception: error
JavaScript error: , line 0: uncaught exception: error
console.log: WebExtensions: reset-default-search: No addons in our list are installed.
JavaScript error: , line 0: uncaught exception: error
JavaScript error: , line 0: uncaught exception: error
JavaScript error: , line 0: uncaught exception: error
1618306040988	Marionette	INFO	Stopped listening on port 62064

###!!! [Child][RunMessage] Error: Channel closing: too late to send/recv, messages will be lost

:\\Users\\LELE\\AppData\\Local\\Temp\\rust_mozprofiletTrFqh"
console.warn: SearchSettings: "get: No settings file exists, new profile?" (new Error("", "(unknown module)"))
1618305151343	Marionette	INFO	Listening on port 64484
1618305151822	Marionette	WARN	TLS certificate errors will be ignored for this session
console.log: WebExtensions: reset-default-search: No addons in our list are installed.
1618306041650	Marionette	INFO	Stopped listening on port 64484

###!!! [Child][RunMessage] Error: Channel closing: too late to send/recv, messages will be lost

emp\\rust_mozprofileGBComt"
console.warn: SearchSettings: "get: No settings file exists, new profile?" (new Error("", "(unknown module)"))
1618305206354	Marionette	INFO	Listening on port 64583
1618305206503	Marionette	WARN	TLS certificate errors will be ignored for this session
console.error: services.settings: 
  main/message-groups Signature failed  TypeError: NetworkError when attempting to fetch resource.
1618305207999	Marionette	INFO	Stopped listening on port 64583

###!!! [Child][RunMessage] Error: Channel closing: too late to send/recv, messages will be lost

1618305241114	geckodriver	INFO	Listening on 127.0.0.1:64635
1618305244173	mozrunner::runner	INFO	Running command: "D:\\Program Files\\Mozilla Firefox\\firefox.exe" "--marionette" "-foreground" "-no-remote" "-profile" "C:\\Users\\LELE\\AppData\\Local\\Temp\\rust_mozprofileEHKe7j"
console.warn: SearchSettings: "get: No settings file exists, new profile?" (new Error("", "(unknown module)"))
1618305246670	Marionette	INFO	Listening on port 64646
1618305246864	Marionette	WARN	TLS certificate errors will be ignored for this session
console.error: services.settings: 
  main/message-groups Signature failed  TypeError: NetworkError when attempting to fetch resource.
console.error: services.settings: 
  main/fxmonitor-breaches Signature failed  TypeError: NetworkError when attempting to fetch resource.
1618305251763	Marionette	INFO	Stopped listening on port 64646

###!!! [Child][RunMessage] Error: Channel closing: too late to send/recv, messages will be lost

1618305266929	geckodriver	INFO	Listening on 127.0.0.1:64694
1618305269973	mozrunner::runner	INFO	Running command: "D:\\Program Files\\Mozilla Firefox\\firefox.exe" "--marionette" "-foreground" "-no-remote" "-profile" "C:\\Users\\LELE\\AppData\\Local\\Temp\\rust_mozprofileycsrCT"
console.warn: SearchSettings: "get: No settings file exists, new profile?" (new Error("", "(unknown module)"))
1618305272520	Marionette	INFO	Listening on port 64703
1618305272663	Marionette	WARN	TLS certificate errors will be ignored for this session
console.log: WebExtensions: reset-default-search: No addons in our list are installed.
1618306042605	Marionette	INFO	Stopped listening on port 64703
firefox.exe" "--marionette" "-foreground" "-no-remote" "-profile" "C:\\Users\\LELE\\AppData\\Local\\Temp\\rust_mozprofileBVYFIE"
console.warn: SearchSettings: "get: No settings file exists, new profile?" (new Error("", "(unknown module)"))
1618305600042	Marionette	INFO	Listening on port 49351
1618305600178	Marionette	WARN	TLS certificate errors will be ignored for this session
JavaScript error: , line 0: NotFoundError: No such JSWindowActor 'MarionetteEvents'
JavaScript error: , line 0: NotFoundError: No such JSWindowActor 'MarionetteEvents'
JavaScript error: , line 0: NotFoundError: No such JSWindowActor 'MarionetteEvents'
JavaScript error: , line 0: NotFoundError: No such JSWindowActor 'MarionetteEvents'
console.error: Region.jsm: "Error fetching region" (new TypeError("NetworkError when attempting to fetch resource.", ""))
console.error: Region.jsm: "Failed to fetch region" (new Error("NO_RESULT", "resource://gre/modules/Region.jsm", 419))
console.error: (new Error("Connection closed before committing the transaction.", "resource://gre/modules/Sqlite.jsm", 687))
1618305600527	Marionette	INFO	Stopped listening on port 49351

###!!! [Child][RunMessage] Error: Channel closing: too late to send/recv, messages will be lost

1618363605216	geckodriver	INFO	Listening on 127.0.0.1:63822
1618363608600	mozrunner::runner	INFO	Running command: "D:\\Program Files\\Mozilla Firefox\\firefox.exe" "--marionette" "-foreground" "-no-remote" "-profile" "C:\\Users\\LELE\\AppData\\Local\\Temp\\rust_mozprofileYlxdai"
console.warn: SearchSettings: "get: No settings file exists, new profile?" (new Error("", "(unknown module)"))
1618363611796	Marionette	INFO	Listening on port 63832
1618363612512	Marionette	WARN	TLS certificate errors will be ignored for this session
JavaScript error: , line 0: uncaught exception: error
JavaScript error: https://ra.gtimg.com/sc/vqq/crystal-min.js, line 497: TypeError: config.fodder is undefined
JavaScript error: , line 0: uncaught exception: error
JavaScript error: , line 0: uncaught exception: error
JavaScript error: resource://gre/modules/UrlClassifierListManager.jsm, line 691: TypeError: this.tablesData[table] is undefined
1618363634927	Marionette	INFO	Stopped listening on port 63832

###!!! [Child][RunMessage] Error: Channel closing: too late to send/recv, messages will be lost

1618902652611	geckodriver	INFO	Listening on 127.0.0.1:62690
1618902655719	mozrunner::runner	INFO	Running command: "D:\\Program Files\\Mozilla Firefox\\firefox.exe" "--marionette" "-foreground" "-no-remote" "-profile" "C:\\Users\\LELE\\AppData\\Local\\Temp\\rust_mozprofileKt00hK"
1618902656121	Marionette	INFO	Marionette enabled
console.warn: SearchSettings: "get: No settings file exists, new profile?" (new Error("", "(unknown module)"))
1618902658185	Marionette	INFO	Listening on port 62698
1618902658416	Marionette	WARN	TLS certificate errors will be ignored for this session
SourceActor threw an exception: [Exception... "Component returned failure code: 0x80470002 (NS_BASE_STREAM_CLOSED) [nsIInputStream.available]"  nsresult: "0x80470002 (NS_BASE_STREAM_CLOSED)"  location: "JS frame :: resource://devtools/shared/DevToolsUtils.js :: onResponse :: line 567"  data: no]
Stack: onResponse@resource://devtools/shared/DevToolsUtils.js:567:34
onStopRequest@resource://gre/modules/NetUtil.jsm:128:18
Line: 567, column: 0
console.error: ({})
JavaScript error: resource://devtools/shared/DevToolsUtils.js, line 567: NS_BASE_STREAM_CLOSED: Component returned failure code: 0x80470002 (NS_BASE_STREAM_CLOSED) [nsIInputStream.available]
SourceActor threw an exception: [Exception... "Component returned failure code: 0x80470002 (NS_BASE_STREAM_CLOSED) [nsIInputStream.available]"  nsresult: "0x80470002 (NS_BASE_STREAM_CLOSED)"  location: "JS frame :: resource://devtools/shared/DevToolsUtils.js :: onResponse :: line 567"  data: no]
Stack: onResponse@resource://devtools/shared/DevToolsUtils.js:567:34
onStopRequest@resource://gre/modules/NetUtil.jsm:128:18
Line: 567, column: 0
console.error: ({})
JavaScript error: resource://devtools/shared/DevToolsUtils.js, line 567: NS_BASE_STREAM_CLOSED: Component returned failure code: 0x80470002 (NS_BASE_STREAM_CLOSED) [nsIInputStream.available]
SourceActor threw an exception: [Exception... "Component returned failure code: 0x80470002 (NS_BASE_STREAM_CLOSED) [nsIInputStream.available]"  nsresult: "0x80470002 (NS_BASE_STREAM_CLOSED)"  location: "JS frame :: resource://devtools/shared/DevToolsUtils.js :: onResponse :: line 567"  data: no]
Stack: onResponse@resource://devtools/shared/DevToolsUtils.js:567:34
onStopRequest@resource://gre/modules/NetUtil.jsm:128:18
Line: 567, column: 0
console.error: ({})
JavaScript error: resource://devtools/shared/DevToolsUtils.js, line 567: NS_BASE_STREAM_CLOSED: Component returned failure code: 0x80470002 (NS_BASE_STREAM_CLOSED) [nsIInputStream.available]
1618902864091	Marionette	INFO	Stopped listening on port 62698
1618902873693	geckodriver	INFO	Listening on 127.0.0.1:62898
1618902876759	mozrunner::runner	INFO	Running command: "D:\\Program Files\\Mozilla Firefox\\firefox.exe" "--marionette" "-foreground" "-no-remote" "-profile" "C:\\Users\\LELE\\AppData\\Local\\Temp\\rust_mozprofilelWku35"
1618902877181	Marionette	INFO	Marionette enabled
console.warn: SearchSettings: "get: No settings file exists, new profile?" (new Error("", "(unknown module)"))
1618902879833	Marionette	INFO	Listening on port 62907
1618902879956	Marionette	WARN	TLS certificate errors will be ignored for this session
SourceActor threw an exception: [Exception... "Component returned failure code: 0x80470002 (NS_BASE_STREAM_CLOSED) [nsIInputStream.available]"  nsresult: "0x80470002 (NS_BASE_STREAM_CLOSED)"  location: "JS frame :: resource://devtools/shared/DevToolsUtils.js :: onResponse :: line 567"  data: no]
Stack: onResponse@resource://devtools/shared/DevToolsUtils.js:567:34
onStopRequest@resource://gre/modules/NetUtil.jsm:128:18
Line: 567, column: 0
console.error: ({})
SourceActor threw an exception: [Exception... "Component returned failure code: 0x80470002 (NS_BASE_STREAM_CLOSED) [nsIInputStream.available]"  nsresult: "0x80470002 (NS_BASE_STREAM_CLOSED)"  location: "JS frame :: resource://devtools/shared/DevToolsUtils.js :: onResponse :: line 567"  data: no]
Stack: onResponse@resource://devtools/shared/DevToolsUtils.js:567:34
onStopRequest@resource://gre/modules/NetUtil.jsm:128:18
Line: 567, column: 0
console.error: ({})
JavaScript error: resource://devtools/shared/DevToolsUtils.js, line 567: NS_BASE_STREAM_CLOSED: Component returned failure code: 0x80470002 (NS_BASE_STREAM_CLOSED) [nsIInputStream.available]
JavaScript error: resource://devtools/shared/DevToolsUtils.js, line 567: NS_BASE_STREAM_CLOSED: Component returned failure code: 0x80470002 (NS_BASE_STREAM_CLOSED) [nsIInputStream.available]
SourceActor threw an exception: [Exception... "Component returned failure code: 0x80470002 (NS_BASE_STREAM_CLOSED) [nsIInputStream.available]"  nsresult: "0x80470002 (NS_BASE_STREAM_CLOSED)"  location: "JS frame :: resource://devtools/shared/DevToolsUtils.js :: onResponse :: line 567"  data: no]
Stack: onResponse@resource://devtools/shared/DevToolsUtils.js:567:34
onStopRequest@resource://gre/modules/NetUtil.jsm:128:18
Line: 567, column: 0
console.error: ({})
JavaScript error: resource://devtools/shared/DevToolsUtils.js, line 567: NS_BASE_STREAM_CLOSED: Component returned failure code: 0x80470002 (NS_BASE_STREAM_CLOSED) [nsIInputStream.available]
1618903019927	Marionette	INFO	Stopped listening on port 62901618903021445	mozrunner::runner	INFO	Running command: "D:\\Program Files\\Mozilla Firefox\\firefox.exe" "--marionette" "-foreground" "-no-remote" "-profile" "C:\\Users\\LELE\\AppData\\Local\\Temp\\rust_mozprofile0vCYK7"
1618903021874	Marionette	INFO	Marionette enabled
console.warn: SearchSettings: "get: No settings file exists, new profile?" (new Error("", "(unknown module)"))
1618903023921	Marionette	INFO	Listening on port 63130
1618903024140	Marionette	WARN	TLS certificate errors will be ignored for this session
1618903088359	Marionette	INFO	Stopped listening on port 63130

###!!! [Child][RunMessage] Error: Channel closing: too late to send/recv, messages will be lost

1618903089826	geckodriver	INFO	Listening on 127.0.0.1:63304
1618903092929	mozrunner::runner	INFO	Running command: "D:\\Program Files\\Mozilla Firefox\\firefox.exe" "--marionette" "-foreground" "-no-remote" "-profile" "C:\\Users\\LELE\\AppData\\Local\\Temp\\rust_mozprofileBd10e5"
1618903093322	Marionette	INFO	Marionette enabled
console.warn: SearchSettings: "get: No settings file exists, new profile?" (new Error("", "(unknown module)"))
1618903095426	Marionette	INFO	Listening on port 63312
1618903095598	Marionette	WARN	TLS certificate errors will be ignored for this session
SourceActor threw an exception: [Exception... "Component returned failure code: 0x80470002 (NS_BASE_STREAM_CLOSED) [nsIInputStream.available]"  nsresult: "0x80470002 (NS_BASE_STREAM_CLOSED)"  location: "JS frame :: resource://devtools/shared/DevToolsUtils.js :: onResponse :: line 567"  data: no]
Stack: onResponse@resource://devtools/shared/DevToolsUtils.js:567:34
onStopRequest@resource://gre/modules/NetUtil.jsm:128:18
Line: 567, column: 0
console.error: ({})
JavaScript error: resource://devtools/shared/DevToolsUtils.js, line 567: NS_BASE_STREAM_CLOSED: Component returned failure code: 0x80470002 (NS_BASE_STREAM_CLOSED) [nsIInputStream.available]
SourceActor threw an exception: [Exception... "Component returned failure code: 0x80470002 (NS_BASE_STREAM_CLOSED) [nsIInputStream.available]"  nsresult: "0x80470002 (NS_BASE_STREAM_CLOSED)"  location: "JS frame :: resource://devtools/shared/DevToolsUtils.js :: onResponse :: line 567"  data: no]
Stack: onResponse@resource://devtools/shared/DevToolsUtils.js:567:34
onStopRequest@resource://gre/modules/NetUtil.jsm:128:18
Line: 567, column: 0
console.error: ({})
SourceActor threw an exception: [Exception... "Component returned failure code: 0x80470002 (NS_BASE_STREAM_CLOSED) [nsIInputStream.available]"  nsresult: "0x80470002 (NS_BASE_STREAM_CLOSED)"  location: "JS frame :: resource://devtools/shared/DevToolsUtils.js :: onResponse :: line 567"  data: no]
Stack: onResponse@resource://devtools/shared/DevToolsUtils.js:567:34
onStopRequest@resource://gre/modules/NetUtil.jsm:128:18
Line: 567, column: 0
console.error: ({})
JavaScript error: resource://devtools/shared/DevToolsUtils.js, line 567: NS_BASE_STREAM_CLOSED: Component returned failure code: 0x80470002 (NS_BASE_STREAM_CLOSED) [nsIInputStream.available]
JavaScript error: resource://devtools/shared/DevToolsUtils.js, line 567: NS_BASE_STREAM_CLOSED: Component returned failure code: 0x80470002 (NS_BASE_STREAM_CLOSED) [nsIInputStream.available]
1618903854784	Marionette	INFO	Stopped listening on port 63312
8903183760	mozrunner::runner	INFO	Running command: "D:\\Program Files\\Mozilla Firefox\\firefox.exe" "--marionette" "-foreground" "-no-remote" "-profile" "C:\\Users\\LELE\\AppData\\Local\\Temp\\rust_mozprofilethKKNy"
1618903184168	Marionette	INFO	Marionette enabled
console.warn: SearchSettings: "get: No settings file exists, new profile?" (new Error("", "(unknown module)"))
1618903186165	Marionette	INFO	Listening on port 63477
1618903186408	Marionette	WARN	TLS certificate errors will be ignored for this session
SourceActor threw an exception: [Exception... "Component returned failure code: 0x80470002 (NS_BASE_STREAM_CLOSED) [nsIInputStream.available]"  nsresult: "0x80470002 (NS_BASE_STREAM_CLOSED)"  location: "JS frame :: resource://devtools/shared/DevToolsUtils.js :: onResponse :: line 567"  data: no]
Stack: onResponse@resource://devtools/shared/DevToolsUtils.js:567:34
onStopRequest@resource://gre/modules/NetUtil.jsm:128:18
Line: 567, column: 0
console.error: ({})
JavaScript error: resource://devtools/shared/DevToolsUtils.js, line 567: NS_BASE_STREAM_CLOSED: Component returned f1618903856703	Marionette	INFO	Stopped listening on port 63627

###!!! [Child][RunMessage] Error: Channel closing: too late to send/recv, messages will be lost

02 (NS_BASE_STREAM_CLOSED) [nsIInputStream.available]"  nsresult: "0x80470002 (NS_BASE_STREAM_CLOSED)"  location: "JS frame :: resource://devtools/shared/DevToolsUtils.js :: onResponse :: line 567"  data: no]
Stack: onResponse@resource://devtools/shared/DevToolsUtils.js:567:34
onStopRequest@resource://gre/modules/NetUtil.jsm:128:18
Line: 567, column: 0
console.error: ({})
JavaScript error: resource://devtools/shared/DevToolsUtils.js, line 567: NS_BASE_STREAM_CLOSED: Component returned failure code: 0x80470002 (NS_BASE_STREAM_CLOSED) [nsIInputStream.available]
SourceActor threw an exception: [Exception... "Component returned failure code: 0x80470002 (NS_BASE_STREAM_CLOSED) [nsIInputStream.available]"  nsresult: "0x80470002 (NS_BASE_STREAM_CLOSED)"  location: "JS frame :: resource://devtools/shared/DevToolsUtils.js :: onResponse :: line 567"  data: no]
Stack: onResponse@resource://devtools/shared/DevToolsUtils.js:567:34
onStopRequest@resource://gre/modules/NetUtil.jsm:128:18
Line: 567, column: 0
console.error: ({})
JavaScript error: resource://devtools/shared/DevToolsUtils.js, line 567: NS_BASE_STREAM_CLOSED: Component returned failure code: 0x80470002 (NS_BASE_STREAM_CLOSED) [nsIInputStream.available]
1618903855881	Marionette	INFO	Stopped listening on port 63477
8903276582	mozrunner::runner	INFO	Running command: "D:\\Program Files\\Mozilla Firefox\\firefox.exe" "--marionette" "-foreground" "-no-remote" "-profile" "C:\\Users\\LELE\\AppData\\Local\\Temp\\rust_mozprofile0RqVoK"
1618903277003	Marionette	INFO	Marionette enabled
console.warn: SearchSettings: "get: No settings file exists, new profile?" (new Error("", "(unknown module)"))
1618903279189	Marionette	INFO	Listening on port 63794
1618903279268	Marionette	WARN	TLS certificate errors will be ignored for this session
1618903857627	Marionette	INFO	Stopped listening on port 63794

###!!! [Child][RunMessage] Error: Channel closing: too late to send/recv, messages will be lost

"--marionette" "-foreground" "-no-remote" "-profile" "C:\\Users\\LELE\\AppData\\Local\\Temp\\rust_mozprofile80juZ0"
1618903706427	Marionette	INFO	Marionette enabled
console.warn: SearchSettings: "get: No settings file exists, new profile?" (new Error("", "(unknown module)"))
1618903708944	Marionette	INFO	Listening on port 64029
1618903708981	Marionette	WARN	TLS certificate errors will be ignored for this session
SourceActor threw an exception: [Exception... "Component returned failure code: 0x80470002 (NS_BASE_STREAM_CLOSED) [nsIInputStream.available]"  nsresult: "0x80470002 (NS_BASE_STREAM_CLOSED)"  location: "JS frame :: resource://devtools/shared/DevToolsUtils.js :: onResponse :: line 567"  data: no]
Stack: onResponse@resource://devtools/shared/DevToolsUtils.js:567:34
onStopRequest@resource://gre/modules/NetUtil.jsm:128:18
Line: 567, column: 0
console.error: ({})
JavaScript error: resource://devtools/shared/DevToolsUtils.js, line 567: NS_BASE_STREAM_CLOSED: Component returned failure code: 0x80470002 (NS_BASE_STREAM_CLOSED) [nsIInputStream.available]
SourceActor threw an exception: [Exception... "Component returned failure code: 0x80470002 (NS_BASE_STREAM_CLOSED) [nsIInputStream.available]"  nsresult: "0x80470002 (NS_BASE_STREAM_CLOSED)"  location: "JS frame :: resource://devtools/shared/DevToolsUtils.js :: onResponse :: line 567"  data: no]
Stack: onResponse@resource://devtools/shared/DevToolsUtils.js:567:34
onStopRequest@resource://gre/modules/NetUtil.jsm:128:18
Line: 567, column: 0
console.error: ({})
SourceActor threw an exception: [Exception... "Component returned failure code: 0x80470002 (NS_BASE_STREAM_CLOSED) [nsIInputStream.available]"  nsresult: "0x80470002 (NS_BASE_STREAM_CLOSED)"  location: "JS frame :: resource://devtools/shared/DevToolsUtils.js :: onResponse :: line 567"  data: no]
Stack: onResponse@resource://devtools/shared/DevToolsUtils.js:567:34
onStopRequest@resource://gre/modules/NetUtil.jsm:128:18
Line: 567, column: 0
console.error: ({})
JavaScript error: resource://devtools/shared/DevToolsUtils.js, line 567: NS_BASE_STREAM_CLOSED: Component returned failure code: 0x80470002 (NS_BASE_STREAM_CLOSED) [nsIInputStream.available]
JavaScript error: resource://devtools/shared/DevToolsUtils.js, line 567: NS_BASE_STREAM_CLOSED: Component returned failure code: 0x80470002 (NS_BASE_STREAM_CLOSED) [nsIInputStream.available]
1618903858412	Marionette	INFO	Stopped listening on port 64029

###!!! [Child][RunMessage] Error: Channel closing: too late to send/recv, messages will be lost

1618903859827	geckodriver	INFO	Listening on 127.0.0.1:64183
1618903862873	mozrunner::runner	INFO	Running command: "D:\\Program Files\\Mozilla Firefox\\firefox.exe" "--marionette" "-foreground" "-no-remote" "-profile" "C:\\Users\\LELE\\AppData\\Local\\Temp\\rust_mozprofileMa6WYO"
1618903863370	Marionette	INFO	Marionette enabled
console.warn: SearchSettings: "get: No settings file exists, new profile?" (new Error("", "(unknown module)"))
1618903865604	Marionette	INFO	Listening on port 64191
1618903866073	Marionette	WARN	TLS certificate errors will be ignored for this session
JavaScript error: , line 0: NotFoundError: No such JSWindowActor 'MarionetteEvents'
[Child 16864, IPC I/O Child] WARNING: pipe error: 232: file /builds/worker/checkouts/gecko/ipc/chromium/src/chrome/common/ipc_channel_win.cc:544
1618903906979	Marionette	INFO	Stopped listening on port 64191

###!!! [Child][RunMessage] Error: Channel closing: too late to send/recv, messages will be lost

Marionette enabled
console.warn: SearchSettings: "get: No settings file exists, new profile?" (new Error("", "(unknown module)"))
1618903904933	Marionette	INFO	Listening on port 64335
1618903905131	Marionette	WARN	TLS certificate errors will be ignored for this session
1618903926219	Marionette	INFO	Stopped listening on port 64335

###!!! [Child][RunMessage] Error: Channel closing: too late to send/recv, messages will be lost

1618903962588	geckodriver	INFO	Listening on 127.0.0.1:64459
1618903965645	mozrunner::runner	INFO	Running command: "D:\\Program Files\\Mozilla Firefox\\firefox.exe" "--marionette" "-foreground" "-no-remote" "-profile" "C:\\Users\\LELE\\AppData\\Local\\Temp\\rust_mozprofileWrryHy"
1618903966073	Marionette	INFO	Marionette enabled
console.warn: SearchSettings: "get: No settings file exists, new profile?" (new Error("", "(unknown module)"))
1618903968376	Marionette	INFO	Listening on port 64467
1618903968847	Marionette	WARN	TLS certificate errors will be ignored for this session
SourceActor threw an exception: [Exception... "Component returned failure code: 0x80470002 (NS_BASE_STREAM_CLOSED) [nsIInputStream.available]"  nsresult: "0x80470002 (NS_BASE_STREAM_CLOSED)"  location: "JS frame :: resource://devtools/shared/DevToolsUtils.js :: onResponse :: line 567"  data: no]
Stack: onResponse@resource://devtools/shared/DevToolsUtils.js:567:34
onStopRequest@resource://gre/modules/NetUtil.jsm:128:18
Line: 567, column: 0
console.error: ({})
JavaScript error: resource://devtools/shared/DevToolsUtils.js, line 567: NS_BASE_STREAM_CLOSED: Component returned failure code: 0x80470002 (NS_BASE_STREAM_CLOSED) [nsIInputStream.available]
SourceActor threw an exception: [Exception... "Component returned failure code: 0x80470002 (NS_BASE_STREAM_CLOSED) [nsIInputStream.available]"  nsresult: "0x80470002 (NS_BASE_STREAM_CLOSED)"  location: "JS frame :: resource://devtools/shared/DevToolsUtils.js :: onResponse :: line 567"  data: no]
Stack: onResponse@resource://devtools/shared/DevToolsUtils.js:567:34
onStopRequest@resource://gre/modules/NetUtil.jsm:128:18
Line: 567, column: 0
console.error: ({})
JavaScript error: resource://devtools/shared/DevToolsUtils.js, line 567: NS_BASE_STREAM_CLOSED: Component returned failure code: 0x80470002 (NS_BASE_STREAM_CLOSED) [nsIInputStream.available]
SourceActor threw an exception: [Exception... "Component returned failure code: 0x80470002 (NS_BASE_STREAM_CLOSED) [nsIInputStream.available]"  nsresult: "0x80470002 (NS_BASE_STREAM_CLOSED)"  location: "JS frame :: resource://devtools/shared/DevToolsUtils.js :: onResponse :: line 567"  data: no]
Stack: onResponse@resource://devtools/shared/DevToolsUtils.js:567:34
onStopRequest@resource://gre/modules/NetUtil.jsm:128:18
Line: 567, column: 0
console.error: ({})
JavaScript error: resource://devtools/shared/DevToolsUtils.js, line 567: NS_BASE_STREAM_CLOSED: Component returned failure code: 0x80470002 (NS_BASE_STREAM_CLOSED) [nsIInputStream.available]
1618904294894	Marionette	INFO	Stopped listening on port 64467

###!!! [Child][RunMessage] Error: Channel closing: too late to send/recv, messages will be lost

"--marionette" "-foreground" "-no-remote" "-profile" "C:\\Users\\LELE\\AppData\\Local\\Temp\\rust_mozprofileZZPrha"
1618904144614	Marionette	INFO	Marionette enabled
console.warn: SearchSettings: "get: No settings file exists, new profile?" (new Error("", "(unknown module)"))
1618904146550	Marionette	INFO	Listening on port 64833
1618904146879	Marionette	WARN	TLS certificate errors will be ignored for this session
1618904296193	Marionette	INFO	Stopped listening on port 64833

###!!! [Child][RunMessage] Error: Channel closing: too late to send/recv, messages will be lost

"--marionette" "-foreground" "-no-remote" "-profile" "C:\\Users\\LELE\\AppData\\Local\\Temp\\rust_mozprofileBIAFt7"
1618904168914	Marionette	INFO	Marionette enabled
console.warn: SearchSettings: "get: No settings file exists, new profile?" (new Error("", "(unknown module)"))
1618904170895	Marionette	INFO	Listening on port 64972
1618904171145	Marionette	WARN	TLS certificate errors will be ignored for this session
1618904296892	Marionette	INFO	Stopped listening on port 64972

###!!! [Child][RunMessage] Error: Channel closing: too late to send/recv, messages will be lost

"--marionette" "-foreground" "-no-remote" "-profile" "C:\\Users\\LELE\\AppData\\Local\\Temp\\rust_mozprofileCXPmM3"
1618904205780	Marionette	INFO	Marionette enabled
console.warn: SearchSettings: "get: No settings file exists, new profile?" (new Error("", "(unknown module)"))
1618904207794	Marionette	INFO	Listening on port 65119
1618904208100	Marionette	WARN	TLS certificate errors will be ignored for this session
1618904297878	Marionette	INFO	Stopped listening on port 65119

###!!! [Child][RunMessage] Error: Channel closing: too late to send/recv, messages will be lost

"--marionette" "-foreground" "-no-remote" "-profile" "C:\\Users\\LELE\\AppData\\Local\\Temp\\rust_mozprofilekkTTUC"
1618904238809	Marionette	INFO	Marionette enabled
console.warn: SearchSettings: "get: No settings file exists, new profile?" (new Error("", "(unknown module)"))
1618904240928	Marionette	INFO	Listening on port 65277
1618904241033	Marionette	WARN	TLS certificate errors will be ignored for this session
console.error: services.settings: 
  main/message-groups Signature failed  TypeError: NetworkError when attempting to fetch resource.
[Parent 12100, IPC I/O Parent] WARNING: file /builds/worker/checkouts/gecko/ipc/chromium/src/base/process_util_win.cc:167
*** UTM:SVC TimerManager:registerTimer called after profile-before-change notification. Ignoring timer registration for id: telemetry_modules_ping
*** UTM:SVC TimerManager:registerTi1618904299032	Marionette	INFO	Listening on port 65429
1618904299463	Marionette	WARN	TLS certificate errors will be ignored for this session
1618904836531	Marionette	INFO	Stopped listening on port 65429

###!!! [Child][RunMessage] Error: Channel closing: too late to send/recv, messages will be lost

river	INFO	Listening on 127.0.0.1:53447
1618904816624	mozrunner::runner	INFO	Running command: "D:\\Program Files\\Mozilla Firefox\\firefox.exe" "--marionette" "-foreground" "-no-remote" "-profile" "C:\\Users\\LELE\\AppData\\Local\\Temp\\rust_mozprofileG7EbVH"
1618904817076	Marionette	INFO	Marionette enabled
console.warn: SearchSettings: "get: No settings file exists, new profile?" (new Error("", "(unknown module)"))
1618904819142	Marionette	INFO	Listening on port 53456
1618904819306	Marionette	WARN	TLS certificate errors will be ignored for this session

###!!! [Child][MessageChannel] Error: (msgtype=0x6B0027,name=PNecko::Msg_RemoveRequestContext) Channel closing: too late to send/recv, messages will be lost

1618904837478	Marionette	INFO	Stopped listening on port 53456

###!!! [Child][RunMessage] Error: Channel closing: too late to send/recv, messages will be lost

ed
console.warn: SearchSettings: "get: No settings file exists, new profile?" (new Error("", "(unknown module)"))
1618904839436	Marionette	INFO	Listening on port 53590
1618904839460	Marionette	WARN	TLS certificate errors will be ignored for this session
console.error: "Error while calling actor 'pagestyle's method 'getLayout'" "node is null"
console.error: (new TypeError("node is null", "resource://devtools/server/actors/page-style.js", 1002))
console.error: (new Error("Protocol error (TypeError): node is null from: server0.conn0.child4/pagestyle25 (resource://devtools/server/actors/page-style.js:1002:5)", "resource://devtools/shared/protocol/Front.js", 358))
console.error: (new TypeError("container.node.targetFront is null", "resource://devtools/client/inspector/markup/markup.js", 2310))
console.error: (new TypeError("container.node.targetFront is null", "resource://devtools/client/inspector/markup/markup.js", 2310))
console.error: (new TypeError("container.node.targetFront is null", "resource://devtools/client/inspector/markup/markup.js", 2310))
console.error: (new TypeError("container.node.targetFront is null", "resource://devtools/client/inspector/markup/markup.js", 2310))
Handler function threw an exception: TypeError: topFrame.browsingContext is null
Stack: matchRequest@resource://devtools/server/actors/network-monitor/network-observer.js:130:9
_onRequestHeader@resource://devtools/server/actors/network-monitor/network-observer.js:959:10
NetworkObserver.prototype.observeActivity<@resource://devtools/server/actors/network-monitor/network-observer.js:710:12
exports.makeInfallible/<@resource://devtools/shared/ThreadSafeDevToolsUtils.js:103:22
Line: 130, column: 9
console.error: (new TypeError("topFrame.browsingContext is null", "resource://devtools/server/actors/network-monitor/network-observer.js", 130))
JavaScript warning: https://g.alicdn.com/secdev/sufei_data/3.9.9/index.js, line 1: WebGL context was lost.
JavaScript warning: https://g.alicdn.com/AWSC/et/1.62.1/et_n.js, line 4: WebGL context was lost.
JavaScript warning: https://g.alicdn.com/??xlly/spl/rp.js,secdev/nsv/1.0.78/ns_e_88_3_n.js?v=1, line 5: WebGL context was lost.
JavaScript warning: https://g.alicdn.com/secdev/sufei_data/3.9.0/index.js, line 1: WebGL context was lost.
JavaScript warning: https://g.alicdn.com/AWSC/WebUMID/1.87.0/um.js, line 7: WebGL context was lost.
JavaScript warning: https://g.alicdn.com/secdev/sufei_data/3.9.9/index.js, line 1: WebGL context was lost.
JavaScript warning: https://g.alicdn.com/??xlly/spl/rp.js,secdev/nsv/1.0.78/ns_e_88_3_n.js?v=1, line 5: WebGL context was lost.
JavaScript warning: https://g.alicdn.com/AWSC/et/1.62.1/et_n.js, line 4: WebGL context was lost.
JavaScript warning: https://g.alicdn.com/AWSC/et/1.62.1/et_n.js, line 4: WebGL context was lost.
JavaScript warning: https://g.alicdn.com/secdev/sufei_data/3.9.9/index.js, line 1: WebGL context was lost.
JavaScript warning: https://g.alicdn.com/??xlly/spl/rp.js,secdev/nsv/1.0.78/ns_e_88_3_n.js?v=1, line 5: WebGL context was lost.
JavaScript warning: https://g.alicdn.com/AWSC/WebUMID/1.87.0/um.js, line 7: WebGL context was lost.
JavaScript warning: https://g.alicdn.com/??kissy/k/6.2.4/seed-min.js,kg/global-util/1.0.7/index-min.js,tb/tracker/4.3.12/index.js,kg/tb-nav/2.5.11/index-min.js,secdev/sufei_data/3.8.7/index.js, line 6: WebGL context was lost.
JavaScript warning: https://g.alicdn.com/??xlly/spl/rp.js,secdev/nsv/1.0.78/ns_e_88_3_n.js?v=1, line 5: WebGL context was lost.
JavaScript warning: https://g.alicdn.com/AWSC/et/1.62.1/et_n.js, line 4: WebGL context was lost.
JavaScript warning: https://g.alicdn.com/AWSC/et/1.62.1/et_n.js, line 4: WebGL context was lost.
JavaScript warning: https://g.alicdn.com/secdev/sufei_data/3.9.9/index.js, line 1: WebGL context was lost.
JavaScript warning: https://g.alicdn.com/??xlly/spl/rp.js,secdev/nsv/1.0.78/ns_e_88_3_n.js?v=1, line 5: WebGL context was lost.
JavaScript warning: https://g.alicdn.com/AWSC/WebUMID/1.87.0/um.js, line 7: WebGL context was lost.
JavaScript warning: https://g.alicdn.com/??kissy/k/6.2.4/seed-min.js,kg/global-util/1.0.7/index-min.js,tb/tracker/4.3.12/index.js,kg/tb-nav/2.5.11/index-min.js,secdev/sufei_data/3.8.7/index.js, line 6: WebGL context was lost.
JavaScript warning: https://g.alicdn.com/AWSC/et/1.62.1/et_n.js, line 4: WebGL context was lost.
JavaScript warning: https://g.alicdn.com/AWSC/WebUMID/1.87.0/um.js, line 7: WebGL context was lost.
JavaScript warning: https://g.alicdn.com/secdev/sufei_data/3.9.9/index.js, line 1: WebGL context was lost.
JavaScript warning: https://g.alicdn.com/??xlly/spl/rp.js,secdev/nsv/1.0.78/ns_e_88_3_n.js?v=1, line 5: WebGL context was lost.
JavaScript warning: https://g.alicdn.com/??xlly/spl/rp.js,secdev/nsv/1.0.78/ns_e_88_3_n.js?v=1, line 5: WebGL context was lost.
JavaScript warning: https://g.alicdn.com/AWSC/et/1.62.1/et_n.js, line 4: WebGL context was lost.
JavaScript warning: https://g.alicdn.com/AWSC/WebUMID/1.87.0/um.js, line 7: WebGL context was lost.
JavaScript warning: https://g.alicdn.com/secdev/sufei_data/3.9.9/index.js, line 1: WebGL context was lost.
JavaScript warning: https://g.alicdn.com/??xlly/spl/rp.js,secdev/nsv/1.0.78/ns_e_88_3_n.js?v=1, line 5: WebGL context was lost.
JavaScript warning: https://g.alicdn.com/AWSC/et/1.62.1/et_n.js, line 4: WebGL context was lost.
JavaScript warning: https://g.alicdn.com/kissy/k/1.3.2/xtemplate/compiler-min.js?t=20131125184002.js, line 68: Using //@ to indicate sourceURL pragmas is deprecated. Use //# instead
JavaScript warning: https://g.alicdn.com/kissy/k/1.3.2/xtemplate/compiler-min.js?t=20131125184002.js, line 130: Using //@ to indicate sourceURL pragmas is deprecated. Use //# instead
JavaScript warning: https://g.alicdn.com/secdev/sufei_data/3.9.9/index.js, line 1: WebGL context was lost.
JavaScript warning: https://g.alicdn.com/??xlly/spl/rp.js,secdev/nsv/1.0.78/ns_e_88_3_n.js?v=1, line 5: WebGL context was lost.
JavaScript warning: https://g.alicdn.com/AWSC/et/1.62.1/et_n.js, line 4: WebGL context was lost.
1618913151610	Marionette	INFO	Stopped listening on port 53590
rionette" "--headless" "--disbale-gpu" "-foreground" "-no-remote" "-profile" "C:\\Users\\LELE\\AppData\\Local\\Temp\\rust_mozprofileGGgcml"
*** You are running in headless mode.
1618907799061	Marionette	INFO	Marionette enabled
console.warn: SearchSettings: "get: No settings file exists, new profile?" (new Error("", "(unknown module)"))
1618907800219	Marionette	INFO	Listening on port 55448
1618907800717	Marionette	WARN	TLS certificate errors will be ignored for this session
JavaScript warning: https://static.geetest.com/static/js/sense.1.3.9.js, line 1: Failed to create WebGL context: WebGL creation failed: 
* Can't use WebGL in headless mode (https://bugzil.la/1375585).
JavaScript warning: https://static.geetest.com/static/js/sense.1.3.9.js, line 1: Failed to create WebGL context: WebGL creation failed: 
* Can't use WebGL in headless mode (https://bugzil.la/1375585).
JavaScript warning: https://static.geetest.com/static/js/sense.1.3.9.js, line 1: Failed to create WebGL context: WebGL creation failed: 
* Can't use WebGL in headless mode (https://bugzil.la/1375585).
JavaScript warning: https://static.geetest.com/static/js/sense.1.3.9.js, line 1: Failed to create WebGL context: WebGL creation failed: 
* Can't use WebGL in headless mode (https://bugzil.la/1375585).
JavaScript warning: https://static.geetest.com/static/js/sense.1.3.9.js, line 1: Failed to create WebGL context: WebGL creation failed: 
* Can't use WebGL in headless mode (https://bugzil.la/1375585).
JavaScript warning: https://static.geetest.com/static/js/sense.1.3.9.js, line 1: Failed to create WebGL context: WebGL creation failed: 
* Can't use WebGL in headless mode (https://bugzil.la/1375585).
1618907808862	Marionette	INFO	Stopped listening on port 55448
1618909348936	geckodriver	INFO	Listening on 127.0.0.1:55910
1618909351988	mozrunner::runner	INFO	Running command: "D:\\Program Files\\Mozilla Firefox\\firefox.exe" "--marionette" "--headless" "--disbale-gpu" "-foreground" "-no-remote" "-profile" "C:\\Users\\LELE\\AppData\\Local\\Temp\\rust_mozprofileKWukKx"
*** You are running in headless mode.
1618909352423	Marionette	INFO	Marionette enabled
console.warn: SearchSettings: "get: No settings file exists, new profile?" (new Error("", "(unknown module)"))
1618909353627	Marionette	INFO	Listening on port 55919
1618909354044	Marionette	WARN	TLS certificate errors will be ignored for this session
JavaScript warning: https://static.geetest.com/static/js/sense.1.3.9.js, line 1: Failed to create WebGL context: WebGL creation failed: 
* Can't use WebGL in headless mode (https://bugzil.la/1375585).
JavaScript warning: https://static.geetest.com/static/js/sense.1.3.9.js, line 1: Failed to create WebGL context: WebGL creation failed: 
* Can't use WebGL in headless mode (https://bugzil.la/1375585).
JavaScript warning: https://static.geetest.com/static/js/sense.1.3.9.js, line 1: Failed to create WebGL context: WebGL creation failed: 
* Can't use WebGL in headless mode (https://bugzil.la/1375585).
JavaScript warning: https://static.geetest.com/static/js/sense.1.3.9.js, line 1: Failed to create WebGL context: WebGL creation failed: 
* Can't use WebGL in headless mode (https://bugzil.la/1375585).
JavaScript warning: https://static.geetest.com/static/js/sense.1.3.9.js, line 1: Failed to create WebGL context: WebGL creation failed: 
* Can't use WebGL in headless mode (https://bugzil.la/1375585).
JavaScript warning: https://static.geetest.com/static/js/sense.1.3.9.js, line 1: Failed to create WebGL context: WebGL creation failed: 
* Can't use WebGL in headless mode (https://bugzil.la/1375585).
1618909361618	Marionette	INFO	Stopped listening on port 55919
1618909609099	geckodriver	INFO	Listening on 127.0.0.1:56061
1618909612164	mozrunner::runner	INFO	Running command: "D:\\Program Files\\Mozilla Firefox\\firefox.exe" "--marionette" "--headless" "--disbale-gpu" "-foreground" "-no-remote" "-profile" "C:\\Users\\LELE\\AppData\\Local\\Temp\\rust_mozprofileU11HZx"
*** You are running in headless mode.
1618909612630	Marionette	INFO	Marionette enabled
console.warn: SearchSettings: "get: No settings file exists, new profile?" (new Error("", "(unknown module)"))
1618909613708	Marionette	INFO	Listening on port 56069
1618909613732	Marionette	WARN	TLS certificate errors will be ignored for this session
JavaScript warning: https://static.geetest.com/static/js/sense.1.3.9.js, line 1: Failed to create WebGL context: WebGL creation failed: 
* Can't use WebGL in headless mode (https://bugzil.la/1375585).
JavaScript warning: https://static.geetest.com/static/js/sense.1.3.9.js, line 1: Failed to create WebGL context: WebGL creation failed: 
* Can't use WebGL in headless mode (https://bugzil.la/1375585).
JavaScript warning: https://static.geetest.com/static/js/sense.1.3.9.js, line 1: Failed to create WebGL context: WebGL creation failed: 
* Can't use WebGL in headless mode (https://bugzil.la/1375585).
JavaScript warning: https://static.geetest.com/static/js/sense.1.3.9.js, line 1: Failed to create WebGL context: WebGL creation failed: 
* Can't use WebGL in headless mode (https://bugzil.la/1375585).
JavaScript warning: https://static.geetest.com/static/js/sense.1.3.9.js, line 1: Failed to create WebGL context: WebGL creation failed: 
* Can't use WebGL in headless mode (https://bugzil.la/1375585).
JavaScript warning: https://static.geetest.com/static/js/sense.1.3.9.js, line 1: Failed to create WebGL context: WebGL creation failed: 
* Can't use WebGL in headless mode (https://bugzil.la/1375585).
1618909621576	Marionette	INFO	Stopped listening on port 56069
1618909647536	geckodriver	INFO	Listening on 127.0.0.1:56165
1618909650572	mozrunner::runner	INFO	Running command: "D:\\Program Files\\Mozilla Firefox\\firefox.exe" "--marionette" "--headless" "--disbale-gpu" "-foreground" "-no-remote" "-profile" "C:\\Users\\LELE\\AppData\\Local\\Temp\\rust_mozprofileq9rEQz"
*** You are running in headless mode.
1618909650968	Marionette	INFO	Marionette enabled
console.warn: SearchSettings: "get: No settings file exists, new profile?" (new Error("", "(unknown module)"))
1618909652059	Marionette	INFO	Listening on port 56173
1618909652125	Marionette	WARN	TLS certificate errors will be ignored for this session
JavaScript warning: https://static.geetest.com/static/js/sense.1.3.9.js, line 1: Failed to create WebGL context: WebGL creation failed: 
* Can't use WebGL in headless mode (https://bugzil.la/1375585).
JavaScript warning: https://static.geetest.com/static/js/sense.1.3.9.js, line 1: Failed to create WebGL context: WebGL creation failed: 
* Can't use WebGL in headless mode (https://bugzil.la/1375585).
JavaScript warning: https://static.geetest.com/static/js/sense.1.3.9.js, line 1: Failed to create WebGL context: WebGL creation failed: 
* Can't use WebGL in headless mode (https://bugzil.la/1375585).
JavaScript warning: https://static.geetest.com/static/js/sense.1.3.9.js, line 1: Failed to create WebGL context: WebGL creation failed: 
* Can't use WebGL in headless mode (https://bugzil.la/1375585).
JavaScript warning: https://static.geetest.com/static/js/sense.1.3.9.js, line 1: Failed to create WebGL context: WebGL creation failed: 
* Can't use WebGL in headless mode (https://bugzil.la/1375585).
JavaScript warning: https://static.geetest.com/static/js/sense.1.3.9.js, line 1: Failed to create WebGL context: WebGL creation failed: 
* Can't use WebGL in headless mode (https://bugzil.la/1375585).
1618909660578	Marionette	INFO	Stopped listening on port 56173
1618910015030	geckodriver	INFO	Listening on 127.0.0.1:56712
1618910018103	mozrunner::runner	INFO	Running command: "D:\\Program Files\\Mozilla Firefox\\firefox.exe" "--marionette" "--headless" "--disbale-gpu" "-foreground" "-no-remote" "-profile" "C:\\Users\\LELE\\AppData\\Local\\Temp\\rust_mozprofileChjWsV"
*** You are running in headless mode.
1618910018532	Marionette	INFO	Marionette enabled
console.warn: SearchSettings: "get: No settings file exists, new profile?" (new Error("", "(unknown module)"))
1618910019666	Marionette	INFO	Listening on port 56728
1618910020159	Marionette	WARN	TLS certificate errors will be ignored for this session
1618910020173	Marionette	INFO	Stopped listening on port 56728

###!!! [Parent][RunMessage] Error: Channel closing: too late to send/recv, messages will be lost

1618910036529	geckodriver	INFO	Listening on 127.0.0.1:56807
1618910039616	mozrunner::runner	INFO	Running command: "D:\\Program Files\\Mozilla Firefox\\firefox.exe" "--marionette" "--headless" "--disbale-gpu" "-foreground" "-no-remote" "-profile" "C:\\Users\\LELE\\AppData\\Local\\Temp\\rust_mozprofileJlLTdP"
*** You are running in headless mode.
1618910039993	Marionette	INFO	Marionette enabled
console.warn: SearchSettings: "get: No settings file exists, new profile?" (new Error("", "(unknown module)"))
1618910041052	Marionette	INFO	Listening on port 56829
1618910041163	Marionette	WARN	TLS certificate errors will be ignored for this session
1618910041175	Marionette	INFO	Stopped listening on port 56829
console.error: Region.jsm: "Error fetching region" (new TypeError("NetworkError when attempting to fetch resource.", ""))
console.error: Region.jsm: "Failed to fetch region" (new Error("NO_RESULT", "resource://gre/modules/Region.jsm", 419))
1618910047035	geckodriver	INFO	Listening on 127.0.0.1:56869
1618910050098	mozrunner::runner	INFO	Running command: "D:\\Program Files\\Mozilla Firefox\\firefox.exe" "--marionette" "--headless" "--disbale-gpu" "-foreground" "-no-remote" "-profile" "C:\\Users\\LELE\\AppData\\Local\\Temp\\rust_mozprofileWB30PU"
*** You are running in headless mode.
1618910050507	Marionette	INFO	Marionette enabled
console.warn: SearchSettings: "get: No settings file exists, new profile?" (new Error("", "(unknown module)"))
1618910051625	Marionette	INFO	Listening on port 56884
1618910051647	Marionette	WARN	TLS certificate errors will be ignored for this session
JavaScript warning: https://static.geetest.com/static/js/sense.1.3.9.js, line 1: Failed to create WebGL context: WebGL creation failed: 
* Can't use WebGL in headless mode (https://bugzil.la/1375585).
JavaScript warning: https://static.geetest.com/static/js/sense.1.3.9.js, line 1: Failed to create WebGL context: WebGL creation failed: 
* Can't use WebGL in headless mode (https://bugzil.la/1375585).
JavaScript warning: https://static.geetest.com/static/js/sense.1.3.9.js, line 1: Failed to create WebGL context: WebGL creation failed: 
* Can't use WebGL in headless mode (https://bugzil.la/1375585).
JavaScript warning: https://static.geetest.com/static/js/sense.1.3.9.js, line 1: Failed to create WebGL context: WebGL creation failed: 
* Can't use WebGL in headless mode (https://bugzil.la/1375585).
JavaScript warning: https://static.geetest.com/static/js/sense.1.3.9.js, line 1: Failed to create WebGL context: WebGL creation failed: 
* Can't use WebGL in headless mode (https://bugzil.la/1375585).
JavaScript warning: https://static.geetest.com/static/js/sense.1.3.9.js, line 1: Failed to create WebGL context: WebGL creation failed: 
* Can't use WebGL in headless mode (https://bugzil.la/1375585).
1618910094591	geckodriver	INFO	Listening on 127.0.0.1:57099
1618910097658	mozrunner::runner	INFO	Running command: "D:\\Program Files\\Mozilla Firefox\\firefox.exe" "--marionette" "--headless" "--disbale-gpu" "-foreground" "-no-remote" "-profile" "C:\\Users\\LELE\\AppData\\Local\\Temp\\rust_mozprofileY2vCLh"
*** You are running in headless mode.
1618910098057	Marionette	INFO	Marionette enabled
console.warn: SearchSettings: "get: No settings file exists, new profile?" (new Error("", "(unknown module)"))
1618910099289	Marionette	INFO	Listening on port 57108
1618910099716	Marionette	WARN	TLS certificate errors will be ignored for this session
JavaScript warning: https://static.geetest.com/static/js/sense.1.3.9.js, line 1: Failed to create WebGL context: WebGL creation failed: 
* Can't use WebGL in headless mode (https://bugzil.la/1375585).
JavaScript warning: https://static.geetest.com/static/js/sense.1.3.9.js, line 1: Failed to create WebGL context: WebGL creation failed: 
* Can't use WebGL in headless mode (https://bugzil.la/1375585).
JavaScript warning: https://static.geetest.com/static/js/sense.1.3.9.js, line 1: Failed to create WebGL context: WebGL creation failed: 
* Can't use WebGL in headless mode (https://bugzil.la/1375585).
JavaScript warning: https://static.geetest.com/static/js/sense.1.3.9.js, line 1: Failed to create WebGL context: WebGL creation failed: 
* Can't use WebGL in headless mode (https://bugzil.la/1375585).
JavaScript warning: https://static.geetest.com/static/js/sense.1.3.9.js, line 1: Failed to create WebGL context: WebGL creation failed: 
* Can't use WebGL in headless mode (https://bugzil.la/1375585).
JavaScript warning: https://static.geetest.com/static/js/sense.1.3.9.js, line 1: Failed to create WebGL context: WebGL creation failed: 
* Can't use WebGL in headless mode (https://bugzil.la/1375585).
1618910107283	Marionette	INFO	Stopped listening on port 57108
1618910329439	geckodriver	INFO	Listening on 127.0.0.1:57399
1618910332504	mozrunner::runner	INFO	Running command: "D:\\Program Files\\Mozilla Firefox\\firefox.exe" "--marionette" "--headless" "--disbale-gpu" "-foreground" "-no-remote" "-profile" "C:\\Users\\LELE\\AppData\\Local\\Temp\\rust_mozprofilexnegrj"
*** You are running in headless mode.
1618910332898	Marionette	INFO	Marionette enabled
console.warn: SearchSettings: "get: No settings file exists, new profile?" (new Error("", "(unknown module)"))
1618910334117	Marionette	INFO	Listening on port 57407
1618910334565	Marionette	WARN	TLS certificate errors will be ignored for this session
JavaScript warning: https://static.geetest.com/static/js/sense.1.3.9.js, line 1: Failed to create WebGL context: WebGL creation failed: 
* Can't use WebGL in headless mode (https://bugzil.la/1375585).
JavaScript warning: https://static.geetest.com/static/js/sense.1.3.9.js, line 1: Failed to create WebGL context: WebGL creation failed: 
* Can't use WebGL in headless mode (https://bugzil.la/1375585).
JavaScript warning: https://static.geetest.com/static/js/sense.1.3.9.js, line 1: Failed to create WebGL context: WebGL creation failed: 
* Can't use WebGL in headless mode (https://bugzil.la/1375585).
JavaScript warning: https://static.geetest.com/static/js/sense.1.3.9.js, line 1: Failed to create WebGL context: WebGL creation failed: 
* Can't use WebGL in headless mode (https://bugzil.la/1375585).
JavaScript warning: https://static.geetest.com/static/js/sense.1.3.9.js, line 1: Failed to create WebGL context: WebGL creation failed: 
* Can't use WebGL in headless mode (https://bugzil.la/1375585).
JavaScript warning: https://static.geetest.com/static/js/sense.1.3.9.js, line 1: Failed to create WebGL context: WebGL creation failed: 
* Can't use WebGL in headless mode (https://bugzil.la/1375585).
1618910363632	geckodriver	INFO	Listening on 127.0.0.1:57521
1618910366725	mozrunner::runner	INFO	Running command: "D:\\Program Files\\Mozilla Firefox\\firefox.exe" "--marionette" "--headless" "--disbale-gpu" "-foreground" "-no-remote" "-profile" "C:\\Users\\LELE\\AppData\\Local\\Temp\\rust_mozprofilejkZpiB"
*** You are running in headless mode.
1618910367123	Marionette	INFO	Marionette enabled
console.warn: SearchSettings: "get: No settings file exists, new profile?" (new Error("", "(unknown module)"))
1618910368373	Marionette	INFO	Listening on port 57529
1618910368789	Marionette	WARN	TLS certificate errors will be ignored for this session
JavaScript warning: https://static.geetest.com/static/js/sense.1.3.9.js, line 1: Failed to create WebGL context: WebGL creation failed: 
* Can't use WebGL in headless mode (https://bugzil.la/1375585).
JavaScript warning: https://static.geetest.com/static/js/sense.1.3.9.js, line 1: Failed to create WebGL context: WebGL creation failed: 
* Can't use WebGL in headless mode (https://bugzil.la/1375585).
JavaScript warning: https://static.geetest.com/static/js/sense.1.3.9.js, line 1: Failed to create WebGL context: WebGL creation failed: 
* Can't use WebGL in headless mode (https://bugzil.la/1375585).
JavaScript warning: https://static.geetest.com/static/js/sense.1.3.9.js, line 1: Failed to create WebGL context: WebGL creation failed: 
* Can't use WebGL in headless mode (https://bugzil.la/1375585).
JavaScript warning: https://static.geetest.com/static/js/sense.1.3.9.js, line 1: Failed to create WebGL context: WebGL creation failed: 
* Can't use WebGL in headless mode (https://bugzil.la/1375585).
JavaScript warning: https://static.geetest.com/static/js/sense.1.3.9.js, line 1: Failed to create WebGL context: WebGL creation failed: 
* Can't use WebGL in headless mode (https://bugzil.la/1375585).
1618910392075	geckodriver	INFO	Listening on 127.0.0.1:57652
1618910395134	mozrunner::runner	INFO	Running command: "D:\\Program Files\\Mozilla Firefox\\firefox.exe" "--marionette" "--headless" "--disbale-gpu" "-foreground" "-no-remote" "-profile" "C:\\Users\\LELE\\AppData\\Local\\Temp\\rust_mozprofilexU4bgK"
*** You are running in headless mode.
1618910395508	Marionette	INFO	Marionette enabled
console.warn: SearchSettings: "get: No settings file exists, new profile?" (new Error("", "(unknown module)"))
1618910396663	Marionette	INFO	Listening on port 57664
1618910396701	Marionette	WARN	TLS certificate errors will be ignored for this session
JavaScript warning: https://static.geetest.com/static/js/sense.1.3.9.js, line 1: Failed to create WebGL context: WebGL creation failed: 
* Can't use WebGL in headless mode (https://bugzil.la/1375585).
JavaScript warning: https://static.geetest.com/static/js/sense.1.3.9.js, line 1: Failed to create WebGL context: WebGL creation failed: 
* Can't use WebGL in headless mode (https://bugzil.la/1375585).
JavaScript warning: https://static.geetest.com/static/js/sense.1.3.9.js, line 1: Failed to create WebGL context: WebGL creation failed: 
* Can't use WebGL in headless mode (https://bugzil.la/1375585).
JavaScript warning: https://static.geetest.com/static/js/sense.1.3.9.js, line 1: Failed to create WebGL context: WebGL creation failed: 
* Can't use WebGL in headless mode (https://bugzil.la/1375585).
JavaScript warning: https://static.geetest.com/static/js/sense.1.3.9.js, line 1: Failed to create WebGL context: WebGL creation failed: 
* Can't use WebGL in headless mode (https://bugzil.la/1375585).
JavaScript warning: https://static.geetest.com/static/js/sense.1.3.9.js, line 1: Failed to create WebGL context: WebGL creation failed: 
* Can't use WebGL in headless mode (https://bugzil.la/1375585).
1618910427665	geckodriver	INFO	Listening on 127.0.0.1:57805
1618910430731	mozrunner::runner	INFO	Running command: "D:\\Program Files\\Mozilla Firefox\\firefox.exe" "--marionette" "--headless" "--disbale-gpu" "-foreground" "-no-remote" "-profile" "C:\\Users\\LELE\\AppData\\Local\\Temp\\rust_mozprofilemPpTgU"
*** You are running in headless mode.
1618910431156	Marionette	INFO	Marionette enabled
console.warn: SearchSettings: "get: No settings file exists, new profile?" (new Error("", "(unknown module)"))
1618910432382	Marionette	INFO	Listening on port 57816
1618910432788	Marionette	WARN	TLS certificate errors will be ignored for this session
JavaScript warning: https://static.geetest.com/static/js/sense.1.3.9.js, line 1: Failed to create WebGL context: WebGL creation failed: 
* Can't use WebGL in headless mode (https://bugzil.la/1375585).
JavaScript warning: https://static.geetest.com/static/js/sense.1.3.9.js, line 1: Failed to create WebGL context: WebGL creation failed: 
* Can't use WebGL in headless mode (https://bugzil.la/1375585).
JavaScript warning: https://static.geetest.com/static/js/sense.1.3.9.js, line 1: Failed to create WebGL context: WebGL creation failed: 
* Can't use WebGL in headless mode (https://bugzil.la/1375585).
JavaScript warning: https://static.geetest.com/static/js/sense.1.3.9.js, line 1: Failed to create WebGL context: WebGL creation failed: 
* Can't use WebGL in headless mode (https://bugzil.la/1375585).
JavaScript warning: https://static.geetest.com/static/js/sense.1.3.9.js, line 1: Failed to create WebGL context: WebGL creation failed: 
* Can't use WebGL in headless mode (https://bugzil.la/1375585).
JavaScript warning: https://static.geetest.com/static/js/sense.1.3.9.js, line 1: Failed to create WebGL context: WebGL creation failed: 
* Can't use WebGL in headless mode (https://bugzil.la/1375585).
1618910510299	geckodriver	INFO	Listening on 127.0.0.1:58058
1618910513395	mozrunner::runner	INFO	Running command: "D:\\Program Files\\Mozilla Firefox\\firefox.exe" "--marionette" "--headless" "--disbale-gpu" "-foreground" "-no-remote" "-profile" "C:\\Users\\LELE\\AppData\\Local\\Temp\\rust_mozprofilez4AaNd"
*** You are running in headless mode.
1618910513831	Marionette	INFO	Marionette enabled
console.warn: SearchSettings: "get: No settings file exists, new profile?" (new Error("", "(unknown module)"))
1618910515005	Marionette	INFO	Listening on port 58067
1618910515476	Marionette	WARN	TLS certificate errors will be ignored for this session
JavaScript warning: https://static.geetest.com/static/js/sense.1.3.9.js, line 1: Failed to create WebGL context: WebGL creation failed: 
* Can't use WebGL in headless mode (https://bugzil.la/1375585).
JavaScript warning: https://static.geetest.com/static/js/sense.1.3.9.js, line 1: Failed to create WebGL context: WebGL creation failed: 
* Can't use WebGL in headless mode (https://bugzil.la/1375585).
JavaScript warning: https://static.geetest.com/static/js/sense.1.3.9.js, line 1: Failed to create WebGL context: WebGL creation failed: 
* Can't use WebGL in headless mode (https://bugzil.la/1375585).
JavaScript warning: https://static.geetest.com/static/js/sense.1.3.9.js, line 1: Failed to create WebGL context: WebGL creation failed: 
* Can't use WebGL in headless mode (https://bugzil.la/1375585).
JavaScript warning: https://static.geetest.com/static/js/sense.1.3.9.js, line 1: Failed to create WebGL context: WebGL creation failed: 
* Can't use WebGL in headless mode (https://bugzil.la/1375585).
JavaScript warning: https://static.geetest.com/static/js/sense.1.3.9.js, line 1: Failed to create WebGL context: WebGL creation failed: 
* Can't use WebGL in headless mode (https://bugzil.la/1375585).
Exiting due to channel error.
Listening on 127.0.0.1:58252
1618910597806	mozrunner::runner	INFO	Running command: "D:\\Program Files\\Mozilla Firefox\\firefox.exe" "--marionette" "--headless" "--disbale-gpu" "-foreground" "-no-remote" "-profile" "C:\\Users\\LELE\\AppData\\Local\\Temp\\rust_mozprofileThKyB3"
*** You are running in headless mode.
1618910598284	Marionette	INFO	Marionette enabled
console.warn: SearchSettings: "get: No settings file exists, new profile?" (new Error("", "(unknown module)"))
1618910599635	Marionette	INFO	Listening on port 58265
1618910599871	Marionette	WARN	TLS certificate errors will be ignored for this session
JavaScript warning: https://static.geetest.com/static/js/sense.1.3.9.js, line 1: Failed to create WebGL context: WebGL creation failed: 
* Can't use WebGL in headless mode (https://bugzil.la/1375585).
JavaScript warning: https://static.geetest.com/static/js/sense.1.3.9.js, line 1: Failed to create WebGL context: WebGL creation failed: 
* Can't use WebGL in headless mode (https://bugzil.la/1375585).
JavaScript warning: https://static.geetest.com/static/js/sense.1.3.9.js, line 1: Failed to create WebGL context: WebGL creation failed: 
* Can't use WebGL in headless mode (https://bugzil.la/1375585).
JavaScript warning: https://static.geetest.com/static/js/sense.1.3.9.js, line 1: Failed to create WebGL context: WebGL creation failed: 
* Can't use WebGL in headless mode (https://bugzil.la/1375585).
JavaScript warning: https://static.geetest.com/static/js/sense.1.3.9.js, line 1: Failed to create WebGL context: WebGL creation failed: 
* Can't use WebGL in headless mode (https://bugzil.la/1375585).
JavaScript warning: https://static.geetest.com/static/js/sense.1.3.9.js, line 1: Failed to create WebGL context: WebGL creation failed: 
* Can't use WebGL in headless mode (https://bugzil.la/1375585).
1618910641309	geckodriver	INFO	Listening on 127.0.0.1:58371
1618910644369	mozrunner::runner	INFO	Running command: "D:\\Program Files\\Mozilla Firefox\\firefox.exe" "--marionette" "--headless" "--disbale-gpu" "-foreground" "-no-remote" "-profile" "C:\\Users\\LELE\\AppData\\Local\\Temp\\rust_mozprofileuDyyyc"
*** You are running in headless mode.
1618910644803	Marionette	INFO	Marionette enabled
console.warn: SearchSettings: "get: No settings file exists, new profile?" (new Error("", "(unknown module)"))
1618910645953	Marionette	INFO	Listening on port 58381
1618910646451	Marionette	WARN	TLS certificate errors will be ignored for this session
JavaScript warning: https://static.geetest.com/static/js/sense.1.3.9.js, line 1: Failed to create WebGL context: WebGL creation failed: 
* Can't use WebGL in headless mode (https://bugzil.la/1375585).
JavaScript warning: https://static.geetest.com/static/js/sense.1.3.9.js, line 1: Failed to create WebGL context: WebGL creation failed: 
* Can't use WebGL in headless mode (https://bugzil.la/1375585).
JavaScript warning: https://static.geetest.com/static/js/sense.1.3.9.js, line 1: Failed to create WebGL context: WebGL creation failed: 
* Can't use WebGL in headless mode (https://bugzil.la/1375585).
JavaScript warning: https://static.geetest.com/static/js/sense.1.3.9.js, line 1: Failed to create WebGL context: WebGL creation failed: 
* Can't use WebGL in headless mode (https://bugzil.la/1375585).
1618910791020	geckodriver	INFO	Listening on 127.0.0.1:58521
1618910794097	mozrunner::runner	INFO	Running command: "D:\\Program Files\\Mozilla Firefox\\firefox.exe" "--marionette" "--headless" "--disbale-gpu" "-foreground" "-no-remote" "-profile" "C:\\Users\\LELE\\AppData\\Local\\Temp\\rust_mozprofileclqSuE"
*** You are running in headless mode.
1618910794561	Marionette	INFO	Marionette enabled
console.warn: SearchSettings: "get: No settings file exists, new profile?" (new Error("", "(unknown module)"))
1618910795649	Marionette	INFO	Listening on port 58529
1618910796165	Marionette	WARN	TLS certificate errors will be ignored for this session
JavaScript warning: https://static.geetest.com/static/js/sense.1.3.9.js, line 1: Failed to create WebGL context: WebGL creation failed: 
* Can't use WebGL in headless mode (https://bugzil.la/1375585).
JavaScript warning: https://static.geetest.com/static/js/sense.1.3.9.js, line 1: Failed to create WebGL context: WebGL creation failed: 
* Can't use WebGL in headless mode (https://bugzil.la/1375585).
JavaScript warning: https://static.geetest.com/static/js/sense.1.3.9.js, line 1: Failed to create WebGL context: WebGL creation failed: 
* Can't use WebGL in headless mode (https://bugzil.la/1375585).
JavaScript warning: https://static.geetest.com/static/js/sense.1.3.9.js, line 1: Failed to create WebGL context: WebGL creation failed: 
* Can't use WebGL in headless mode (https://bugzil.la/1375585).
JavaScript warning: https://static.geetest.com/static/js/sense.1.3.9.js, line 1: Failed to create WebGL context: WebGL creation failed: 
* Can't use WebGL in headless mode (https://bugzil.la/1375585).
JavaScript warning: https://static.geetest.com/static/js/sense.1.3.9.js, line 1: Failed to create WebGL context: WebGL creation failed: 
* Can't use WebGL in headless mode (https://bugzil.la/1375585).
1618910805259	Marionette	INFO	Stopped listening on port 58529
[Child 23984, IPC I/O Child] WARNING: pipe error: 232: file /builds/worker/checkouts/gecko/ipc/chromium/src/chrome/common/ipc_channel_win.cc:544
1618910828550	geckodriver	INFO	Listening on 127.0.0.1:58632
1618910831628	mozrunner::runner	INFO	Running command: "D:\\Program Files\\Mozilla Firefox\\firefox.exe" "--marionette" "--headless" "--disbale-gpu" "-foreground" "-no-remote" "-profile" "C:\\Users\\LELE\\AppData\\Local\\Temp\\rust_mozprofiletRxW9w"
*** You are running in headless mode.
1618910832042	Marionette	INFO	Marionette enabled
console.warn: SearchSettings: "get: No settings file exists, new profile?" (new Error("", "(unknown module)"))
1618910833098	Marionette	INFO	Listening on port 58640
1618910833178	Marionette	WARN	TLS certificate errors will be ignored for this session
JavaScript warning: https://static.geetest.com/static/js/sense.1.3.9.js, line 1: Failed to create WebGL context: WebGL creation failed: 
* Can't use WebGL in headless mode (https://bugzil.la/1375585).
JavaScript warning: https://static.geetest.com/static/js/sense.1.3.9.js, line 1: Failed to create WebGL context: WebGL creation failed: 
* Can't use WebGL in headless mode (https://bugzil.la/1375585).
JavaScript warning: https://static.geetest.com/static/js/sense.1.3.9.js, line 1: Failed to create WebGL context: WebGL creation failed: 
* Can't use WebGL in headless mode (https://bugzil.la/1375585).
JavaScript warning: https://static.geetest.com/static/js/sense.1.3.9.js, line 1: Failed to create WebGL context: WebGL creation failed: 
* Can't use WebGL in headless mode (https://bugzil.la/1375585).
JavaScript warning: https://static.geetest.com/static/js/sense.1.3.9.js, line 1: Failed to create WebGL context: WebGL creation failed: 
* Can't use WebGL in headless mode (https://bugzil.la/1375585).
JavaScript warning: https://static.geetest.com/static/js/sense.1.3.9.js, line 1: Failed to create WebGL context: WebGL creation failed: 
* Can't use WebGL in headless mode (https://bugzil.la/1375585).
1618910841196	Marionette	INFO	Stopped listening on port 58640
1618910902714	geckodriver	INFO	Listening on 127.0.0.1:58750
1618910905781	mozrunner::runner	INFO	Running command: "D:\\Program Files\\Mozilla Firefox\\firefox.exe" "--marionette" "--headless" "--disbale-gpu" "-foreground" "-no-remote" "-profile" "C:\\Users\\LELE\\AppData\\Local\\Temp\\rust_mozprofilemaGnhm"
*** You are running in headless mode.
1618910906164	Marionette	INFO	Marionette enabled
console.warn: SearchSettings: "get: No settings file exists, new profile?" (new Error("", "(unknown module)"))
1618910907271	Marionette	INFO	Listening on port 58762
1618910907331	Marionette	WARN	TLS certificate errors will be ignored for this session
JavaScript warning: https://static.geetest.com/static/js/sense.1.3.9.js, line 1: Failed to create WebGL context: WebGL creation failed: 
* Can't use WebGL in headless mode (https://bugzil.la/1375585).
JavaScript warning: https://static.geetest.com/static/js/sense.1.3.9.js, line 1: Failed to create WebGL context: WebGL creation failed: 
* Can't use WebGL in headless mode (https://bugzil.la/1375585).
JavaScript warning: https://static.geetest.com/static/js/sense.1.3.9.js, line 1: Failed to create WebGL context: WebGL creation failed: 
* Can't use WebGL in headless mode (https://bugzil.la/1375585).
JavaScript warning: https://static.geetest.com/static/js/sense.1.3.9.js, line 1: Failed to create WebGL context: WebGL creation failed: 
* Can't use WebGL in headless mode (https://bugzil.la/1375585).
JavaScript warning: https://static.geetest.com/static/js/sense.1.3.9.js, line 1: Failed to create WebGL context: WebGL creation failed: 
* Can't use WebGL in headless mode (https://bugzil.la/1375585).
JavaScript warning: https://static.geetest.com/static/js/sense.1.3.9.js, line 1: Failed to create WebGL context: WebGL creation failed: 
* Can't use WebGL in headless mode (https://bugzil.la/1375585).
1618910915079	Marionette	INFO	Stopped listening on port 58762

###!!! [Parent][RunMessage] Error: Channel closing: too late to send/recv, messages will be lost

1618910980623	geckodriver	INFO	Listening on 127.0.0.1:58875
1618910983680	mozrunner::runner	INFO	Running command: "D:\\Program Files\\Mozilla Firefox\\firefox.exe" "--marionette" "--headless" "--disbale-gpu" "-foreground" "-no-remote" "-profile" "C:\\Users\\LELE\\AppData\\Local\\Temp\\rust_mozprofilez1dYte"
*** You are running in headless mode.
1618910984252	Marionette	INFO	Marionette enabled
console.warn: SearchSettings: "get: No settings file exists, new profile?" (new Error("", "(unknown module)"))
1618910985302	Marionette	INFO	Listening on port 58883
1618910985748	Marionette	WARN	TLS certificate errors will be ignored for this session
JavaScript warning: https://static.geetest.com/static/js/sense.1.3.9.js, line 1: Failed to create WebGL context: WebGL creation failed: 
* Can't use WebGL in headless mode (https://bugzil.la/1375585).
JavaScript warning: https://static.geetest.com/static/js/sense.1.3.9.js, line 1: Failed to create WebGL context: WebGL creation failed: 
* Can't use WebGL in headless mode (https://bugzil.la/1375585).
JavaScript warning: https://static.geetest.com/static/js/sense.1.3.9.js, line 1: Failed to create WebGL context: WebGL creation failed: 
* Can't use WebGL in headless mode (https://bugzil.la/1375585).
JavaScript warning: https://static.geetest.com/static/js/sense.1.3.9.js, line 1: Failed to create WebGL context: WebGL creation failed: 
* Can't use WebGL in headless mode (https://bugzil.la/1375585).
JavaScript warning: https://static.geetest.com/static/js/sense.1.3.9.js, line 1: Failed to create WebGL context: WebGL creation failed: 
* Can't use WebGL in headless mode (https://bugzil.la/1375585).
JavaScript warning: https://static.geetest.com/static/js/sense.1.3.9.js, line 1: Failed to create WebGL context: WebGL creation failed: 
* Can't use WebGL in headless mode (https://bugzil.la/1375585).
1618910994188	Marionette	INFO	Stopped listening on port 58883
